<?xml version="1.0" encoding="UTF-8"?>
<!-- Generated by org.testng.reporters.JUnitReportReporter -->
<testsuite hostname="Gouravs-MacBook-Air.local" name="test.test" tests="4" failures="0" timestamp="13 Oct 2018 22:48:59 GMT" time="0.019" errors="0">
  <testcase name="testData" time="0.011" classname="test.test"/>
  <testcase name="testData" time="0.002" classname="test.test"/>
  <testcase name="testData" time="0.003" classname="test.test"/>
  <testcase name="testData" time="0.003" classname="test.test"/>
</testsuite> <!-- test.test -->
