<?xml version="1.0" encoding="UTF-8"?>
<!-- Generated by org.testng.reporters.JUnitReportReporter -->
<testsuite hostname="Gouravs-MacBook-Air.local" name="test.validateHomePage" tests="24" failures="0" timestamp="14 Oct 2018 22:44:47 GMT" time="259.598" errors="0">
  <testcase name="validateProductDetails" time="9.397" classname="test.validateHomePage"/>
  <testcase name="validateLoginOnCheckout" time="0.736" classname="test.validateHomePage"/>
  <testcase name="validateProductDetails" time="5.457" classname="test.validateHomePage"/>
  <testcase name="validateItemCountInCart" time="1.372" classname="test.validateHomePage"/>
  <testcase name="validateItemCountInCart" time="1.264" classname="test.validateHomePage"/>
  <testcase name="validateCartPageIsDisplayed" time="1.782" classname="test.validateHomePage"/>
  <testcase name="validateLoginOnCheckout" time="1.032" classname="test.validateHomePage"/>
  <testcase name="validateItemInCart" time="50.122" classname="test.validateHomePage"/>
  <testcase name="validateLoginOnCheckout" time="0.790" classname="test.validateHomePage"/>
  <testcase name="validateSearchButton" time="2.751" classname="test.validateHomePage"/>
  <testcase name="validateItemInCart" time="50.092" classname="test.validateHomePage"/>
  <testcase name="validateCartPageIsDisplayed" time="1.675" classname="test.validateHomePage"/>
  <testcase name="validateItemInCart" time="50.208" classname="test.validateHomePage"/>
  <testcase name="validateCartPageIsDisplayed" time="1.521" classname="test.validateHomePage"/>
  <testcase name="validateSearchButton" time="3.235" classname="test.validateHomePage"/>
  <testcase name="validateCartPageIsDisplayed" time="1.726" classname="test.validateHomePage"/>
  <testcase name="validateProductDetails" time="7.816" classname="test.validateHomePage"/>
  <testcase name="validateItemCountInCart" time="1.269" classname="test.validateHomePage"/>
  <testcase name="validateItemCountInCart" time="1.319" classname="test.validateHomePage"/>
  <testcase name="validateProductDetails" time="7.679" classname="test.validateHomePage"/>
  <testcase name="validateLoginOnCheckout" time="1.010" classname="test.validateHomePage"/>
  <testcase name="validateSearchButton" time="2.299" classname="test.validateHomePage"/>
  <testcase name="validateSearchButton" time="4.879" classname="test.validateHomePage"/>
  <testcase name="validateItemInCart" time="50.167" classname="test.validateHomePage"/>
</testsuite> <!-- test.validateHomePage -->
